<?xml version="1.0" encoding="UTF-8"?>
<testng-results skipped="0" failed="0" total="2" passed="2">
  <reporter-output>
    <line>
      <![CDATA[<a target="_blank" href=D:\Selenium\Screens\loginAsBankManager.png><img src=D:\Selenium\Screens\loginAsBankManager.png height=200 width=200>Passed Screenshot</a><br>]]>
    </line>
    <line>
      <![CDATA[<a target="_blank" href=D:\Selenium\Screens\loginAsBankManager.png><img src=D:\Selenium\Screens\loginAsBankManager.png height=200 width=200>Passed Screenshot</a><br>]]>
    </line>
    <line>
      <![CDATA[<a target="_blank" href=D:\Selenium\Screens\addCustomer.png><img src=D:\Selenium\Screens\addCustomer.png height=200 width=200>Passed Screenshot</a><br>]]>
    </line>
    <line>
      <![CDATA[<a target="_blank" href=D:\Selenium\Screens\addCustomer.png><img src=D:\Selenium\Screens\addCustomer.png height=200 width=200>Passed Screenshot</a><br>]]>
    </line>
  </reporter-output>
  <suite name="Bank" duration-ms="5690" started-at="2019-03-28T14:37:10Z" finished-at="2019-03-28T14:37:16Z">
    <groups>
    </groups>
    <test name="LogIN" duration-ms="1250" started-at="2019-03-28T14:37:10Z" finished-at="2019-03-28T14:37:11Z">
      <class name="com.Bank.testcases.BankManagerLoginTest">
        <test-method status="PASS" signature="loginAsBankManager()[pri:0, instance:com.Bank.testcases.BankManagerLoginTest@7ce026d3]" name="loginAsBankManager" duration-ms="767" started-at="2019-03-28T16:37:10Z" finished-at="2019-03-28T16:37:11Z">
          <reporter-output>
            <line>
              <![CDATA[<a target="_blank" href=D:\Selenium\Screens\loginAsBankManager.png><img src=D:\Selenium\Screens\loginAsBankManager.png height=200 width=200>Passed Screenshot</a><br>]]>
            </line>
          </reporter-output>
        </test-method> <!-- loginAsBankManager -->
      </class> <!-- com.Bank.testcases.BankManagerLoginTest -->
    </test> <!-- LogIN -->
    <test name="AddCustomer" duration-ms="4420" started-at="2019-03-28T14:37:11Z" finished-at="2019-03-28T14:37:16Z">
      <class name="com.Bank.testcases.AddCustomerTest">
        <test-method status="PASS" signature="setUp()[pri:0, instance:com.Bank.testcases.AddCustomerTest@548a24a]" name="setUp" is-config="true" duration-ms="5455" started-at="2019-03-28T16:37:05Z" finished-at="2019-03-28T16:37:10Z">
          <reporter-output>
          </reporter-output>
        </test-method> <!-- setUp -->
        <test-method status="PASS" signature="addCustomer(java.lang.String, java.lang.String, java.lang.String, java.lang.String)[pri:0, instance:com.Bank.testcases.AddCustomerTest@548a24a]" name="addCustomer" duration-ms="3998" started-at="2019-03-28T16:37:11Z" data-provider="getData" finished-at="2019-03-28T16:37:15Z">
          <params>
            <param index="0">
              <value>
                <![CDATA[Dima]]>
              </value>
            </param>
            <param index="1">
              <value>
                <![CDATA[Tiurin]]>
              </value>
            </param>
            <param index="2">
              <value>
                <![CDATA[BP88000]]>
              </value>
            </param>
            <param index="3">
              <value>
                <![CDATA[Customer added successfully with customer id :]]>
              </value>
            </param>
          </params>
          <reporter-output>
            <line>
              <![CDATA[<a target="_blank" href=D:\Selenium\Screens\addCustomer.png><img src=D:\Selenium\Screens\addCustomer.png height=200 width=200>Passed Screenshot</a><br>]]>
            </line>
          </reporter-output>
        </test-method> <!-- addCustomer -->
        <test-method status="PASS" signature="tearDown()[pri:0, instance:com.Bank.testcases.AddCustomerTest@548a24a]" name="tearDown" is-config="true" duration-ms="887" started-at="2019-03-28T16:37:16Z" finished-at="2019-03-28T16:37:17Z">
          <reporter-output>
          </reporter-output>
        </test-method> <!-- tearDown -->
      </class> <!-- com.Bank.testcases.AddCustomerTest -->
    </test> <!-- AddCustomer -->
  </suite> <!-- Bank -->
</testng-results>
